app/build/outputs/logs/manifest-merger-debug-report.txt
-- Merging decision tree log ---
manifest
ADDED from src\main\AndroidManifest.xml:2:1-106:12
INJECTED from src\main\AndroidManifest.xml:2:1-106:12
INJECTED from src\main\AndroidManifest.xml:2:1-106:12
INJECTED from src\main\AndroidManifest.xml:2:1-106:12
MERGED from [androidx.navigation:navigation-ui:2.3.3] AndroidManifest.xml:17:1-24:12
MERGED from [com.google.android.material:material:1.3.0] AndroidManifest.xml:17:1-24:12
MERGED from [androidx.constraintlayout:constraintlayout:2.0.4] AndroidManifest.xml:2:1-11:12
MERGED from [androidx.appcompat:appcompat:1.2.0] AndroidManifest.xml:17:1-24:12
MERGED from [com.google.android.gms:play-services-maps:17.0.0] AndroidManifest.xml:17:1-38:12
MERGED from [androidx.lifecycle:lifecycle-extensions:2.2.0] AndroidManifest.xml:17:1-27:12
MERGED from [androidx.viewpager2:viewpager2:1.0.0] AndroidManifest.xml:17:1-24:12
MERGED from [androidx.recyclerview:recyclerview:1.1.0] AndroidManifest.xml:17:1-24:12
MERGED from [androidx.legacy:legacy-support-v4:1.0.0] AndroidManifest.xml:17:1-22:12
MERGED from [androidx.navigation:navigation-fragment:2.3.3] AndroidManifest.xml:17:1-24:12
MERGED from [com.google.firebase:firebase-auth:20.0.2] AndroidManifest.xml:17:1-83:12
MERGED from [com.google.firebase:firebase-core:18.0.2] AndroidManifest.xml:2:1-9:12
MERGED from [com.google.firebase:firebase-analytics:18.0.2] AndroidManifest.xml:2:1-9:12
MERGED from [com.google.firebase:firebase-messaging:21.0.1] AndroidManifest.xml:17:1-45:12
MERGED from [com.google.android.gms:play-services-auth:19.0.0] AndroidManifest.xml:17:1-40:12
MERGED from [com.android.billingclient:billing:3.0.2] AndroidManifest.xml:2:1-24:12
MERGED from [androidx.legacy:legacy-support-core-ui:1.0.0] AndroidManifest.xml:17:1-22:12
MERGED from [androidx.cursoradapter:cursoradapter:1.0.0] AndroidManifest.xml:17:1-22:12
MERGED from [androidx.appcompat:appcompat-resources:1.2.0] AndroidManifest.xml:17:1-24:12
MERGED from [androidx.coordinatorlayout:coordinatorlayout:1.1.0] AndroidManifest.xml:17:1-24:12
MERGED from [androidx.dynamicanimation:dynamicanimation:1.0.0] AndroidManifest.xml:17:1-22:12
MERGED from [androidx.vectordrawable:vectordrawable-animated:1.1.0] AndroidManifest.xml:17:1-24:12
MERGED from [androidx.vectordrawable:vectordrawable:1.1.0] AndroidManifest.xml:17:1-24:12
MERGED from [androidx.media:media:1.0.0] AndroidManifest.xml:17:1-22:12
MERGED from [com.google.android.gms:play-services-measurement:18.0.2] AndroidManifest.xml:17:1-46:12
MERGED from [com.google.firebase:firebase-iid:21.0.1] AndroidManifest.xml:17:1-47:12
MERGED from [com.google.android.gms:play-services-measurement-sdk:18.0.2] AndroidManifest.xml:17:1-25:12
MERGED from [com.google.android.gms:play-services-measurement-impl:18.0.2] AndroidManifest.xml:17:1-31:12
MERGED from [com.google.android.gms:play-services-stats:17.0.0] AndroidManifest.xml:2:1-9:12
MERGED from [androidx.legacy:legacy-support-core-utils:1.0.0] AndroidManifest.xml:17:1-22:12
MERGED from [com.google.android.gms:play-services-auth-api-phone:17.4.0] AndroidManifest.xml:2:1-7:12
MERGED from [com.google.android.gms:play-services-safetynet:17.0.0] AndroidManifest.xml:17:1-24:12
MERGED from [com.google.firebase:firebase-auth-interop:19.0.0] AndroidManifest.xml:2:1-10:12
MERGED from [com.google.android.gms:play-services-auth-base:17.0.0] AndroidManifest.xml:2:1-7:12
MERGED from [com.google.firebase:firebase-iid-interop:17.0.0] AndroidManifest.xml:2:1-10:12
MERGED from [com.google.android.gms:play-services-base:17.1.0] AndroidManifest.xml:17:1-29:12
MERGED from [com.google.android.gms:play-services-measurement-api:18.0.2] AndroidManifest.xml:17:1-36:12
MERGED from [com.google.firebase:firebase-datatransport:17.0.10] AndroidManifest.xml:15:1-34:12
MERGED from [com.google.firebase:firebase-installations:16.3.5] AndroidManifest.xml:2:1-24:12
MERGED from [com.google.firebase:firebase-common:19.5.0] AndroidManifest.xml:15:1-49:12
MERGED from [com.google.android.gms:play-services-cloud-messaging:16.0.0] AndroidManifest.xml:2:1-13:12
MERGED from [com.google.firebase:firebase-installations-interop:16.0.1] AndroidManifest.xml:15:1-23:12
MERGED from [com.google.android.gms:play-services-tasks:17.0.0] AndroidManifest.xml:2:1-9:12
MERGED from [com.google.firebase:firebase-measurement-connector:18.0.0] AndroidManifest.xml:17:1-25:12
MERGED from [com.google.android.gms:play-services-ads-identifier:17.0.0] AndroidManifest.xml:17:1-24:12
MERGED from [com.google.android.gms:play-services-measurement-sdk-api:18.0.2] AndroidManifest.xml:17:1-27:12
MERGED from [com.google.android.gms:play-services-measurement-base:18.0.2] AndroidManifest.xml:2:1-9:12
MERGED from [com.google.android.gms:play-services-basement:17.1.1] AndroidManifest.xml:17:1-28:12
MERGED from [androidx.fragment:fragment:1.2.4] AndroidManifest.xml:17:1-24:12
MERGED from [androidx.drawerlayout:drawerlayout:1.1.1] AndroidManifest.xml:17:1-24:12
MERGED from [androidx.viewpager:viewpager:1.0.0] AndroidManifest.xml:17:1-22:12
MERGED from [androidx.slidingpanelayout:slidingpanelayout:1.0.0] AndroidManifest.xml:17:1-22:12
MERGED from [androidx.customview:customview:1.1.0] AndroidManifest.xml:17:1-24:12
MERGED from [androidx.transition:transition:1.3.0] AndroidManifest.xml:17:1-24:12
MERGED from [androidx.loader:loader:1.0.0] AndroidManifest.xml:17:1-22:12
MERGED from [androidx.swiperefreshlayout:swiperefreshlayout:1.0.0] AndroidManifest.xml:17:1-22:12
MERGED from [androidx.asynclayoutinflater:asynclayoutinflater:1.0.0] AndroidManifest.xml:17:1-22:12
MERGED from [androidx.navigation:navigation-runtime:2.3.3] AndroidManifest.xml:17:1-24:12
MERGED from [androidx.activity:activity:1.1.0] AndroidManifest.xml:17:1-24:12
MERGED from [androidx.navigation:navigation-common:2.3.3] AndroidManifest.xml:17:1-24:12
MERGED from [androidx.core:core:1.3.1] AndroidManifest.xml:17:1-26:12
MERGED from [androidx.cardview:cardview:1.0.0] AndroidManifest.xml:17:1-22:12
MERGED from [androidx.lifecycle:lifecycle-process:2.2.0] AndroidManifest.xml:17:1-32:12
MERGED from [androidx.lifecycle:lifecycle-service:2.2.0] AndroidManifest.xml:17:1-24:12
MERGED from [androidx.lifecycle:lifecycle-runtime:2.2.0] AndroidManifest.xml:17:1-24:12
MERGED from [androidx.lifecycle:lifecycle-livedata:2.2.0] AndroidManifest.xml:17:1-24:12
MERGED from [androidx.lifecycle:lifecycle-viewmodel-savedstate:2.2.0] AndroidManifest.xml:17:1-24:12
MERGED from [androidx.lifecycle:lifecycle-livedata-core:2.2.0] AndroidManifest.xml:17:1-24:12
MERGED from [androidx.arch.core:core-runtime:2.1.0] AndroidManifest.xml:17:1-24:12
MERGED from [androidx.savedstate:savedstate:1.0.0] AndroidManifest.xml:17:1-24:12
MERGED from [androidx.lifecycle:lifecycle-viewmodel:2.2.0] AndroidManifest.xml:17:1-24:12
MERGED from [androidx.localbroadcastmanager:localbroadcastmanager:1.0.0] AndroidManifest.xml:17:1-22:12
MERGED from [com.google.firebase:firebase-components:16.1.0] AndroidManifest.xml:15:1-23:12
MERGED from [com.google.android.datatransport:transport-backend-cct:2.3.3] AndroidManifest.xml:15:1-38:12
MERGED from [com.google.firebase:firebase-encoders-json:17.1.0] AndroidManifest.xml:15:1-23:12
MERGED from [androidx.versionedparcelable:versionedparcelable:1.1.0] AndroidManifest.xml:17:1-27:12
MERGED from [androidx.documentfile:documentfile:1.0.0] AndroidManifest.xml:17:1-22:12
MERGED from [androidx.print:print:1.0.0] AndroidManifest.xml:17:1-22:12
MERGED from [androidx.interpolator:interpolator:1.0.0] AndroidManifest.xml:17:1-22:12
MERGED from [com.google.android.datatransport:transport-runtime:2.2.5] AndroidManifest.xml:15:1-41:12
MERGED from [com.google.android.datatransport:transport-api:2.2.1] AndroidManifest.xml:15:1-22:12
MERGED from [androidx.annotation:annotation-experimental:1.0.0] AndroidManifest.xml:17:1-24:12
INJECTED from src\main\AndroidManifest.xml:2:1-106:12
INJECTED from src\main\AndroidManifest.xml:2:1-106:12
INJECTED from src\main\AndroidManifest.xml:2:1-106:12
	package
		ADDED from src\main\AndroidManifest.xml:4:5-36
		INJECTED from src\main\AndroidManifest.xml
		INJECTED from src\main\AndroidManifest.xml
	android:versionName
		INJECTED from src\main\AndroidManifest.xml
		ADDED from src\main\AndroidManifest.xml:2:1-106:12
		INJECTED from src\main\AndroidManifest.xml
	xmlns:tools
		ADDED from src\main\AndroidManifest.xml:3:5-51
	android:versionCode
		INJECTED from src\main\AndroidManifest.xml
		ADDED from src\main\AndroidManifest.xml:2:1-106:12
		INJECTED from src\main\AndroidManifest.xml
	xmlns:android
		ADDED from src\main\AndroidManifest.xml:2:11-69
uses-permission#android.permission.ACCESS_FINE_LOCATION
ADDED from src\main\AndroidManifest.xml:10:5-79
	android:name
		ADDED from src\main\AndroidManifest.xml:10:22-76
uses-permission#android.permission.ACCESS_COARSE_LOCATION
ADDED from src\main\AndroidManifest.xml:11:5-81
	android:name
		ADDED from src\main\AndroidManifest.xml:11:22-78
uses-permission#android.permission.ACCESS_NETWORK_STATE
ADDED from src\main\AndroidManifest.xml:12:5-79
MERGED from [com.google.android.gms:play-services-maps:17.0.0] AndroidManifest.xml:23:5-79
MERGED from [com.google.android.gms:play-services-maps:17.0.0] AndroidManifest.xml:23:5-79
MERGED from [com.google.firebase:firebase-auth:20.0.2] AndroidManifest.xml:24:5-79
MERGED from [com.google.firebase:firebase-auth:20.0.2] AndroidManifest.xml:24:5-79
MERGED from [com.google.android.gms:play-services-measurement:18.0.2] AndroidManifest.xml:24:5-79
MERGED from [com.google.android.gms:play-services-measurement:18.0.2] AndroidManifest.xml:24:5-79
MERGED from [com.google.firebase:firebase-iid:21.0.1] AndroidManifest.xml:22:5-79
MERGED from [com.google.firebase:firebase-iid:21.0.1] AndroidManifest.xml:22:5-79
MERGED from [com.google.android.gms:play-services-measurement-impl:18.0.2] AndroidManifest.xml:24:5-79
MERGED from [com.google.android.gms:play-services-measurement-impl:18.0.2] AndroidManifest.xml:24:5-79
MERGED from [com.google.android.gms:play-services-measurement-api:18.0.2] AndroidManifest.xml:23:5-79
MERGED from [com.google.android.gms:play-services-measurement-api:18.0.2] AndroidManifest.xml:23:5-79
MERGED from [com.google.firebase:firebase-installations:16.3.5] AndroidManifest.xml:10:5-79
MERGED from [com.google.firebase:firebase-installations:16.3.5] AndroidManifest.xml:10:5-79
MERGED from [com.google.android.gms:play-services-cloud-messaging:16.0.0] AndroidManifest.xml:7:5-79
MERGED from [com.google.android.gms:play-services-cloud-messaging:16.0.0] AndroidManifest.xml:7:5-79
MERGED from [com.google.android.gms:play-services-measurement-sdk-api:18.0.2] AndroidManifest.xml:24:5-79
MERGED from [com.google.android.gms:play-services-measurement-sdk-api:18.0.2] AndroidManifest.xml:24:5-79
MERGED from [com.google.android.datatransport:transport-backend-cct:2.3.3] AndroidManifest.xml:25:5-79
MERGED from [com.google.android.datatransport:transport-backend-cct:2.3.3] AndroidManifest.xml:25:5-79
MERGED from [com.google.android.datatransport:transport-runtime:2.2.5] AndroidManifest.xml:22:5-79
MERGED from [com.google.android.datatransport:transport-runtime:2.2.5] AndroidManifest.xml:22:5-79
	android:name
		ADDED from src\main\AndroidManifest.xml:12:22-76
uses-permission#android.permission.INTERNET
ADDED from src\main\AndroidManifest.xml:13:5-67
MERGED from [com.google.android.gms:play-services-maps:17.0.0] AndroidManifest.xml:24:5-67
MERGED from [com.google.android.gms:play-services-maps:17.0.0] AndroidManifest.xml:24:5-67
MERGED from [com.google.firebase:firebase-auth:20.0.2] AndroidManifest.xml:23:5-67
MERGED from [com.google.firebase:firebase-auth:20.0.2] AndroidManifest.xml:23:5-67
MERGED from [com.google.android.gms:play-services-measurement:18.0.2] AndroidManifest.xml:23:5-67
MERGED from [com.google.android.gms:play-services-measurement:18.0.2] AndroidManifest.xml:23:5-67
MERGED from [com.google.firebase:firebase-iid:21.0.1] AndroidManifest.xml:23:5-67
MERGED from [com.google.firebase:firebase-iid:21.0.1] AndroidManifest.xml:23:5-67
MERGED from [com.google.android.gms:play-services-measurement-impl:18.0.2] AndroidManifest.xml:23:5-67
MERGED from [com.google.android.gms:play-services-measurement-impl:18.0.2] AndroidManifest.xml:23:5-67
MERGED from [com.google.android.gms:play-services-measurement-api:18.0.2] AndroidManifest.xml:22:5-67
MERGED from [com.google.android.gms:play-services-measurement-api:18.0.2] AndroidManifest.xml:22:5-67
MERGED from [com.google.firebase:firebase-installations:16.3.5] AndroidManifest.xml:11:5-67
MERGED from [com.google.firebase:firebase-installations:16.3.5] AndroidManifest.xml:11:5-67
MERGED from [com.google.android.gms:play-services-cloud-messaging:16.0.0] AndroidManifest.xml:8:5-67
MERGED from [com.google.android.gms:play-services-cloud-messaging:16.0.0] AndroidManifest.xml:8:5-67
MERGED from [com.google.android.gms:play-services-measurement-sdk-api:18.0.2] AndroidManifest.xml:23:5-67
MERGED from [com.google.android.gms:play-services-measurement-sdk-api:18.0.2] AndroidManifest.xml:23:5-67
MERGED from [com.google.android.datatransport:transport-backend-cct:2.3.3] AndroidManifest.xml:26:5-67
MERGED from [com.google.android.datatransport:transport-backend-cct:2.3.3] AndroidManifest.xml:26:5-67
	android:name
		ADDED from src\main\AndroidManifest.xml:13:22-64
uses-permission#android.permission.READ_PHONE_NUMBERS
ADDED from src\main\AndroidManifest.xml:14:5-77
	android:name
		ADDED from src\main\AndroidManifest.xml:14:22-74
uses-permission#android.permission.VIBRATE
ADDED from src\main\AndroidManifest.xml:15:5-66
	android:name
		ADDED from src\main\AndroidManifest.xml:15:22-63
uses-feature#android.hardware.location.gps
ADDED from src\main\AndroidManifest.xml:16:5-66
	android:name
		ADDED from src\main\AndroidManifest.xml:16:19-63
uses-permission#android.permission.MANAGE_APP_TOKENS
ADDED from src\main\AndroidManifest.xml:18:5-20:47
	tools:ignore
		ADDED from src\main\AndroidManifest.xml:20:9-44
	android:name
		ADDED from src\main\AndroidManifest.xml:19:9-60
uses-permission#android.permission.MANAGE_DOCUMENTS
ADDED from src\main\AndroidManifest.xml:21:5-23:47
	tools:ignore
		ADDED from src\main\AndroidManifest.xml:23:9-44
	android:name
		ADDED from src\main\AndroidManifest.xml:22:9-59
application
ADDED from src\main\AndroidManifest.xml:26:5-104:19
MERGED from [com.google.android.material:material:1.3.0] AndroidManifest.xml:22:5-20
MERGED from [com.google.android.material:material:1.3.0] AndroidManifest.xml:22:5-20
MERGED from [androidx.constraintlayout:constraintlayout:2.0.4] AndroidManifest.xml:9:5-20
MERGED from [androidx.constraintlayout:constraintlayout:2.0.4] AndroidManifest.xml:9:5-20
MERGED from [com.google.android.gms:play-services-maps:17.0.0] AndroidManifest.xml:30:5-36:19
MERGED from [com.google.android.gms:play-services-maps:17.0.0] AndroidManifest.xml:30:5-36:19
MERGED from [androidx.lifecycle:lifecycle-extensions:2.2.0] AndroidManifest.xml:24:5-25:19
MERGED from [androidx.lifecycle:lifecycle-extensions:2.2.0] AndroidManifest.xml:24:5-25:19
MERGED from [com.google.firebase:firebase-auth:20.0.2] AndroidManifest.xml:26:5-81:19
MERGED from [com.google.firebase:firebase-auth:20.0.2] AndroidManifest.xml:26:5-81:19
MERGED from [com.google.firebase:firebase-core:18.0.2] AndroidManifest.xml:7:5-20
MERGED from [com.google.firebase:firebase-core:18.0.2] AndroidManifest.xml:7:5-20
MERGED from [com.google.firebase:firebase-analytics:18.0.2] AndroidManifest.xml:7:5-20
MERGED from [com.google.firebase:firebase-analytics:18.0.2] AndroidManifest.xml:7:5-20
MERGED from [com.google.firebase:firebase-messaging:21.0.1] AndroidManifest.xml:22:5-43:19
MERGED from [com.google.firebase:firebase-messaging:21.0.1] AndroidManifest.xml:22:5-43:19
MERGED from [com.google.android.gms:play-services-auth:19.0.0] AndroidManifest.xml:22:5-38:19
MERGED from [com.google.android.gms:play-services-auth:19.0.0] AndroidManifest.xml:22:5-38:19
MERGED from [com.android.billingclient:billing:3.0.2] AndroidManifest.xml:12:5-22:19
MERGED from [com.android.billingclient:billing:3.0.2] AndroidManifest.xml:12:5-22:19
MERGED from [com.google.android.gms:play-services-measurement:18.0.2] AndroidManifest.xml:28:5-44:19
MERGED from [com.google.android.gms:play-services-measurement:18.0.2] AndroidManifest.xml:28:5-44:19
MERGED from [com.google.firebase:firebase-iid:21.0.1] AndroidManifest.xml:28:5-45:19
MERGED from [com.google.firebase:firebase-iid:21.0.1] AndroidManifest.xml:28:5-45:19
MERGED from [com.google.android.gms:play-services-measurement-sdk:18.0.2] AndroidManifest.xml:22:5-23:19
MERGED from [com.google.android.gms:play-services-measurement-sdk:18.0.2] AndroidManifest.xml:22:5-23:19
MERGED from [com.google.android.gms:play-services-measurement-impl:18.0.2] AndroidManifest.xml:28:5-29:19
MERGED from [com.google.android.gms:play-services-measurement-impl:18.0.2] AndroidManifest.xml:28:5-29:19
MERGED from [com.google.android.gms:play-services-stats:17.0.0] AndroidManifest.xml:7:5-20
MERGED from [com.google.android.gms:play-services-stats:17.0.0] AndroidManifest.xml:7:5-20
MERGED from [com.google.android.gms:play-services-safetynet:17.0.0] AndroidManifest.xml:22:5-20
MERGED from [com.google.android.gms:play-services-safetynet:17.0.0] AndroidManifest.xml:22:5-20
MERGED from [com.google.firebase:firebase-auth-interop:19.0.0] AndroidManifest.xml:7:5-8:19
MERGED from [com.google.firebase:firebase-auth-interop:19.0.0] AndroidManifest.xml:7:5-8:19
MERGED from [com.google.firebase:firebase-iid-interop:17.0.0] AndroidManifest.xml:7:5-8:19
MERGED from [com.google.firebase:firebase-iid-interop:17.0.0] AndroidManifest.xml:7:5-8:19
MERGED from [com.google.android.gms:play-services-base:17.1.0] AndroidManifest.xml:22:5-27:19
MERGED from [com.google.android.gms:play-services-base:17.1.0] AndroidManifest.xml:22:5-27:19
MERGED from [com.google.android.gms:play-services-measurement-api:18.0.2] AndroidManifest.xml:26:5-34:19
MERGED from [com.google.android.gms:play-services-measurement-api:18.0.2] AndroidManifest.xml:26:5-34:19
MERGED from [com.google.firebase:firebase-datatransport:17.0.10] AndroidManifest.xml:24:5-32:19
MERGED from [com.google.firebase:firebase-datatransport:17.0.10] AndroidManifest.xml:24:5-32:19
MERGED from [com.google.firebase:firebase-installations:16.3.5] AndroidManifest.xml:14:5-22:19
MERGED from [com.google.firebase:firebase-installations:16.3.5] AndroidManifest.xml:14:5-22:19
MERGED from [com.google.firebase:firebase-common:19.5.0] AndroidManifest.xml:25:5-47:19
MERGED from [com.google.firebase:firebase-common:19.5.0] AndroidManifest.xml:25:5-47:19
MERGED from [com.google.android.gms:play-services-tasks:17.0.0] AndroidManifest.xml:7:5-20
MERGED from [com.google.android.gms:play-services-tasks:17.0.0] AndroidManifest.xml:7:5-20
MERGED from [com.google.firebase:firebase-measurement-connector:18.0.0] AndroidManifest.xml:22:5-23:19
MERGED from [com.google.firebase:firebase-measurement-connector:18.0.0] AndroidManifest.xml:22:5-23:19
MERGED from [com.google.android.gms:play-services-ads-identifier:17.0.0] AndroidManifest.xml:22:5-20
MERGED from [com.google.android.gms:play-services-ads-identifier:17.0.0] AndroidManifest.xml:22:5-20
MERGED from [com.google.android.gms:play-services-measurement-base:18.0.2] AndroidManifest.xml:7:5-20
MERGED from [com.google.android.gms:play-services-measurement-base:18.0.2] AndroidManifest.xml:7:5-20
MERGED from [com.google.android.gms:play-services-basement:17.1.1] AndroidManifest.xml:22:5-26:19
MERGED from [com.google.android.gms:play-services-basement:17.1.1] AndroidManifest.xml:22:5-26:19
MERGED from [androidx.core:core:1.3.1] AndroidManifest.xml:24:5-89
MERGED from [androidx.core:core:1.3.1] AndroidManifest.xml:24:5-89
MERGED from [androidx.lifecycle:lifecycle-process:2.2.0] AndroidManifest.xml:24:5-30:19
MERGED from [androidx.lifecycle:lifecycle-process:2.2.0] AndroidManifest.xml:24:5-30:19
MERGED from [com.google.android.datatransport:transport-backend-cct:2.3.3] AndroidManifest.xml:28:5-36:19
MERGED from [com.google.android.datatransport:transport-backend-cct:2.3.3] AndroidManifest.xml:28:5-36:19
MERGED from [androidx.versionedparcelable:versionedparcelable:1.1.0] AndroidManifest.xml:24:5-25:19
MERGED from [androidx.versionedparcelable:versionedparcelable:1.1.0] AndroidManifest.xml:24:5-25:19
MERGED from [com.google.android.datatransport:transport-runtime:2.2.5] AndroidManifest.xml:25:5-39:19
MERGED from [com.google.android.datatransport:transport-runtime:2.2.5] AndroidManifest.xml:25:5-39:19
	android:appComponentFactory
		ADDED from [androidx.core:core:1.3.1] AndroidManifest.xml:24:18-86
	android:supportsRtl
		ADDED from src\main\AndroidManifest.xml:30:9-35
	android:label
		ADDED from src\main\AndroidManifest.xml:29:9-41
	android:hardwareAccelerated
		ADDED from src\main\AndroidManifest.xml:31:9-43
	android:targetSandboxVersion
		ADDED from src\main\AndroidManifest.xml:32:9-41
	android:installLocation
		ADDED from src\main\AndroidManifest.xml:28:9-39
	android:icon
		ADDED from src\main\AndroidManifest.xml:27:9-43
	android:theme
		ADDED from src\main\AndroidManifest.xml:33:9-40
	android:usesCleartextTraffic
		ADDED from src\main\AndroidManifest.xml:34:9-44
uses-library#org.apache.http.legacy
ADDED from src\main\AndroidManifest.xml:36:9-38:40
MERGED from [com.google.android.gms:play-services-maps:17.0.0] AndroidManifest.xml:33:9-35:40
MERGED from [com.google.android.gms:play-services-maps:17.0.0] AndroidManifest.xml:33:9-35:40
	android:required
		ADDED from src\main\AndroidManifest.xml:38:13-37
	android:name
		ADDED from src\main\AndroidManifest.xml:37:13-50
meta-data#com.google.firebase.messaging.default_notification_icon
ADDED from src\main\AndroidManifest.xml:40:9-42:58
	android:resource
		ADDED from src\main\AndroidManifest.xml:42:13-55
	android:name
		ADDED from src\main\AndroidManifest.xml:41:13-83
meta-data#com.google.firebase.messaging.default_notification_color
ADDED from src\main\AndroidManifest.xml:43:9-45:58
	android:resource
		ADDED from src\main\AndroidManifest.xml:45:13-55
	android:name
		ADDED from src\main\AndroidManifest.xml:44:13-84
meta-data#com.google.firebase.messaging.default_notification_channel_id
ADDED from src\main\AndroidManifest.xml:46:9-48:71
	android:value
		ADDED from src\main\AndroidManifest.xml:48:13-68
	android:name
		ADDED from src\main\AndroidManifest.xml:47:13-89
activity#com.kylukz.agitofoods.View.FechaContaCarrinhoActivity
ADDED from src\main\AndroidManifest.xml:52:9-54:45
	tools:ignore
		ADDED from src\main\AndroidManifest.xml:54:13-42
	android:name
		ADDED from src\main\AndroidManifest.xml:53:13-81
activity#com.kylukz.agitofoods.View.SegmentoActivity
ADDED from src\main\AndroidManifest.xml:55:9-80
	android:name
		ADDED from src\main\AndroidManifest.xml:55:19-77
activity#com.kylukz.agitofoods.View.MenuPrincipalEmpresa
ADDED from src\main\AndroidManifest.xml:56:9-61:57
	android:label
		ADDED from src\main\AndroidManifest.xml:59:13-53
	android:windowSoftInputMode
		ADDED from src\main\AndroidManifest.xml:61:13-54
	android:configChanges
		ADDED from src\main\AndroidManifest.xml:58:13-122
	android:theme
		ADDED from src\main\AndroidManifest.xml:60:13-56
	android:name
		ADDED from src\main\AndroidManifest.xml:57:13-75
activity#com.kylukz.agitofoods.View.EmpresaActivity
ADDED from src\main\AndroidManifest.xml:62:9-64:55
	android:windowSoftInputMode
		ADDED from src\main\AndroidManifest.xml:64:13-52
	android:name
		ADDED from src\main\AndroidManifest.xml:63:13-70
meta-data#com.google.android.geo.API_KEY
ADDED from src\main\AndroidManifest.xml:66:9-68:55
	android:value
		ADDED from src\main\AndroidManifest.xml:68:13-52
	android:name
		ADDED from src\main\AndroidManifest.xml:67:13-58
meta-data#com.google.android.gms.version
ADDED from src\main\AndroidManifest.xml:69:9-71:69
MERGED from [com.google.android.gms:play-services-basement:17.1.1] AndroidManifest.xml:23:9-25:69
MERGED from [com.google.android.gms:play-services-basement:17.1.1] AndroidManifest.xml:23:9-25:69
	android:value
		ADDED from src\main\AndroidManifest.xml:71:13-66
	android:name
		ADDED from src\main\AndroidManifest.xml:70:13-58
activity#com.kylukz.agitofoods.View.MapPontoActivity
ADDED from src\main\AndroidManifest.xml:73:9-75:60
	android:label
		ADDED from src\main\AndroidManifest.xml:75:13-57
	android:name
		ADDED from src\main\AndroidManifest.xml:74:13-71
activity#com.kylukz.agitofoods.SplashActivity
ADDED from src\main\AndroidManifest.xml:76:9-82:20
	android:name
		ADDED from src\main\AndroidManifest.xml:76:19-70
intent-filter#action:name:android.intent.action.MAIN+category:name:android.intent.category.LAUNCHER
ADDED from src\main\AndroidManifest.xml:77:13-81:29
action#android.intent.action.MAIN
ADDED from src\main\AndroidManifest.xml:78:17-69
	android:name
		ADDED from src\main\AndroidManifest.xml:78:25-66
category#android.intent.category.LAUNCHER
ADDED from src\main\AndroidManifest.xml:80:17-77
	android:name
		ADDED from src\main\AndroidManifest.xml:80:27-74
activity#com.kylukz.agitofoods.View.MainActivity
ADDED from src\main\AndroidManifest.xml:83:9-89:20
	android:windowSoftInputMode
		ADDED from src\main\AndroidManifest.xml:85:13-54
	android:name
		ADDED from src\main\AndroidManifest.xml:84:13-67
meta-data#android.support.PARENT_ACTIVITY
ADDED from src\main\AndroidManifest.xml:86:13-88:75
	android:value
		ADDED from src\main\AndroidManifest.xml:88:17-72
	android:name
		ADDED from src\main\AndroidManifest.xml:87:17-63
service#com.kylukz.agitofoods.Toolbox.ServiceW
ADDED from src\main\AndroidManifest.xml:91:9-74
	android:name
		ADDED from src\main\AndroidManifest.xml:91:18-71
meta-data#preloaded_fonts
ADDED from src\main\AndroidManifest.xml:93:9-95:57
	android:resource
		ADDED from src\main\AndroidManifest.xml:95:13-54
	android:name
		ADDED from src\main\AndroidManifest.xml:94:13-43
service#com.kylukz.agitofoods.Firebase.FirebaseMessagingService
ADDED from src\main\AndroidManifest.xml:96:9-102:19
	android:exported
		ADDED from src\main\AndroidManifest.xml:98:13-36
	android:name
		ADDED from src\main\AndroidManifest.xml:97:13-83
intent-filter#action:name:com.google.firebase.MESSAGING_EVENT
ADDED from src\main\AndroidManifest.xml:99:13-101:29
	android:priority
		ADDED from src\main\AndroidManifest.xml:99:28-51
action#com.google.firebase.MESSAGING_EVENT
ADDED from src\main\AndroidManifest.xml:100:17-78
	android:name
		ADDED from src\main\AndroidManifest.xml:100:25-75
service#com.kylukz.agitofoods.Firebase.FcmTokenRegistrationService
ADDED from src\main\AndroidManifest.xml:103:9-94
	android:name
		ADDED from src\main\AndroidManifest.xml:103:18-91
uses-sdk
INJECTED from src\main\AndroidManifest.xml reason: use-sdk injection requested
INJECTED from src\main\AndroidManifest.xml
INJECTED from src\main\AndroidManifest.xml
MERGED from [androidx.navigation:navigation-ui:2.3.3] AndroidManifest.xml:20:5-22:41
MERGED from [androidx.navigation:navigation-ui:2.3.3] AndroidManifest.xml:20:5-22:41
MERGED from [com.google.android.material:material:1.3.0] AndroidManifest.xml:20:5-44
MERGED from [com.google.android.material:material:1.3.0] AndroidManifest.xml:20:5-44
MERGED from [androidx.constraintlayout:constraintlayout:2.0.4] AndroidManifest.xml:5:5-7:41
MERGED from [androidx.constraintlayout:constraintlayout:2.0.4] AndroidManifest.xml:5:5-7:41
MERGED from [androidx.appcompat:appcompat:1.2.0] AndroidManifest.xml:20:5-22:41
MERGED from [androidx.appcompat:appcompat:1.2.0] AndroidManifest.xml:20:5-22:41
MERGED from [com.google.android.gms:play-services-maps:17.0.0] AndroidManifest.xml:20:5-44
MERGED from [com.google.android.gms:play-services-maps:17.0.0] AndroidManifest.xml:20:5-44
MERGED from [androidx.lifecycle:lifecycle-extensions:2.2.0] AndroidManifest.xml:20:5-22:41
MERGED from [androidx.lifecycle:lifecycle-extensions:2.2.0] AndroidManifest.xml:20:5-22:41
MERGED from [androidx.viewpager2:viewpager2:1.0.0] AndroidManifest.xml:20:5-22:41
MERGED from [androidx.viewpager2:viewpager2:1.0.0] AndroidManifest.xml:20:5-22:41
MERGED from [androidx.recyclerview:recyclerview:1.1.0] AndroidManifest.xml:20:5-22:41
MERGED from [androidx.recyclerview:recyclerview:1.1.0] AndroidManifest.xml:20:5-22:41
MERGED from [androidx.legacy:legacy-support-v4:1.0.0] AndroidManifest.xml:20:5-44
MERGED from [androidx.legacy:legacy-support-v4:1.0.0] AndroidManifest.xml:20:5-44
MERGED from [androidx.navigation:navigation-fragment:2.3.3] AndroidManifest.xml:20:5-22:41
MERGED from [androidx.navigation:navigation-fragment:2.3.3] AndroidManifest.xml:20:5-22:41
MERGED from [com.google.firebase:firebase-auth:20.0.2] AndroidManifest.xml:21:5-44
MERGED from [com.google.firebase:firebase-auth:20.0.2] AndroidManifest.xml:21:5-44
MERGED from [com.google.firebase:firebase-core:18.0.2] AndroidManifest.xml:5:5-44
MERGED from [com.google.firebase:firebase-core:18.0.2] AndroidManifest.xml:5:5-44
MERGED from [com.google.firebase:firebase-analytics:18.0.2] AndroidManifest.xml:5:5-44
MERGED from [com.google.firebase:firebase-analytics:18.0.2] AndroidManifest.xml:5:5-44
MERGED from [com.google.firebase:firebase-messaging:21.0.1] AndroidManifest.xml:20:5-44
MERGED from [com.google.firebase:firebase-messaging:21.0.1] AndroidManifest.xml:20:5-44
MERGED from [com.google.android.gms:play-services-auth:19.0.0] AndroidManifest.xml:20:5-44
MERGED from [com.google.android.gms:play-services-auth:19.0.0] AndroidManifest.xml:20:5-44
MERGED from [com.android.billingclient:billing:3.0.2] AndroidManifest.xml:6:5-8:41
MERGED from [com.android.billingclient:billing:3.0.2] AndroidManifest.xml:6:5-8:41
MERGED from [androidx.legacy:legacy-support-core-ui:1.0.0] AndroidManifest.xml:20:5-44
MERGED from [androidx.legacy:legacy-support-core-ui:1.0.0] AndroidManifest.xml:20:5-44
MERGED from [androidx.cursoradapter:cursoradapter:1.0.0] AndroidManifest.xml:20:5-44
MERGED from [androidx.cursoradapter:cursoradapter:1.0.0] AndroidManifest.xml:20:5-44
MERGED from [androidx.appcompat:appcompat-resources:1.2.0] AndroidManifest.xml:20:5-22:41
MERGED from [androidx.appcompat:appcompat-resources:1.2.0] AndroidManifest.xml:20:5-22:41